[0.075s] Invoking command in '/home/unaiolaizolaosa/Documents/PFG/IsaacTutorials/wheeled_quadruped_robot/build/robot_description': CMAKE_PREFIX_PATH=/opt/ros/jazzy CONDA_PROMPT_MODIFIER=(isaacsim311) DEBUGINFOD_URLS=https://debuginfod.ubuntu.com /usr/bin/cmake /home/unaiolaizolaosa/Documents/PFG/IsaacTutorials/wheeled_quadruped_robot/src/robot_description -DCMAKE_INSTALL_PREFIX=/home/unaiolaizolaosa/Documents/PFG/IsaacTutorials/wheeled_quadruped_robot/install/robot_description
[0.088s] -- Found ament_cmake: 2.5.4 (/opt/ros/jazzy/share/ament_cmake/cmake)
[0.325s] -- Found urdf: 2.10.0 (/opt/ros/jazzy/share/urdf/cmake)
[0.359s] -- Found TinyXML2 via Config file: /usr/lib/x86_64-linux-gnu/cmake/tinyxml2
[0.366s] -- Found ament_lint_auto: 0.17.3 (/opt/ros/jazzy/share/ament_lint_auto/cmake)
[0.461s] -- Added test 'copyright' to check source files copyright and LICENSE
[0.468s] -- Added test 'flake8' to check Python code syntax and style conventions
[0.468s] -- Configured 'flake8' exclude dirs and/or files: 
[0.469s] -- Added test 'lint_cmake' to check CMake code style
[0.470s] -- Added test 'pep257' to check Python code against some of the docstring style conventions in PEP 257
[0.474s] -- Added test 'xmllint' to check XML markup files
[0.477s] -- Configuring done (0.4s)
[0.481s] -- Generating done (0.0s)
[0.483s] -- Build files have been written to: /home/unaiolaizolaosa/Documents/PFG/IsaacTutorials/wheeled_quadruped_robot/build/robot_description
[0.488s] Invoked command in '/home/unaiolaizolaosa/Documents/PFG/IsaacTutorials/wheeled_quadruped_robot/build/robot_description' returned '0': CMAKE_PREFIX_PATH=/opt/ros/jazzy CONDA_PROMPT_MODIFIER=(isaacsim311) DEBUGINFOD_URLS=https://debuginfod.ubuntu.com /usr/bin/cmake /home/unaiolaizolaosa/Documents/PFG/IsaacTutorials/wheeled_quadruped_robot/src/robot_description -DCMAKE_INSTALL_PREFIX=/home/unaiolaizolaosa/Documents/PFG/IsaacTutorials/wheeled_quadruped_robot/install/robot_description
[0.489s] Invoking command in '/home/unaiolaizolaosa/Documents/PFG/IsaacTutorials/wheeled_quadruped_robot/build/robot_description': CMAKE_PREFIX_PATH=/opt/ros/jazzy CONDA_PROMPT_MODIFIER=(isaacsim311) DEBUGINFOD_URLS=https://debuginfod.ubuntu.com /usr/bin/cmake --build /home/unaiolaizolaosa/Documents/PFG/IsaacTutorials/wheeled_quadruped_robot/build/robot_description -- -j4 -l4
[0.523s] Invoked command in '/home/unaiolaizolaosa/Documents/PFG/IsaacTutorials/wheeled_quadruped_robot/build/robot_description' returned '0': CMAKE_PREFIX_PATH=/opt/ros/jazzy CONDA_PROMPT_MODIFIER=(isaacsim311) DEBUGINFOD_URLS=https://debuginfod.ubuntu.com /usr/bin/cmake --build /home/unaiolaizolaosa/Documents/PFG/IsaacTutorials/wheeled_quadruped_robot/build/robot_description -- -j4 -l4
[0.549s] Invoking command in '/home/unaiolaizolaosa/Documents/PFG/IsaacTutorials/wheeled_quadruped_robot/build/robot_description': CMAKE_PREFIX_PATH=/opt/ros/jazzy CONDA_PROMPT_MODIFIER=(isaacsim311) DEBUGINFOD_URLS=https://debuginfod.ubuntu.com /usr/bin/cmake --install /home/unaiolaizolaosa/Documents/PFG/IsaacTutorials/wheeled_quadruped_robot/build/robot_description
[0.556s] -- Install configuration: ""
[0.556s] -- Installing: /home/unaiolaizolaosa/Documents/PFG/IsaacTutorials/wheeled_quadruped_robot/install/robot_description/share/robot_description//robot
[0.556s] -- Installing: /home/unaiolaizolaosa/Documents/PFG/IsaacTutorials/wheeled_quadruped_robot/install/robot_description/share/robot_description//robot/quadruped_robot
[0.556s] -- Installing: /home/unaiolaizolaosa/Documents/PFG/IsaacTutorials/wheeled_quadruped_robot/install/robot_description/share/robot_description//robot/quadruped_robot/quadruped_robot.usd
[0.568s] -- Installing: /home/unaiolaizolaosa/Documents/PFG/IsaacTutorials/wheeled_quadruped_robot/install/robot_description/share/robot_description//robot/robot_control_gazebo.xacro
[0.569s] -- Installing: /home/unaiolaizolaosa/Documents/PFG/IsaacTutorials/wheeled_quadruped_robot/install/robot_description/share/robot_description//robot/quadruped_robot.urdf
[0.569s] -- Installing: /home/unaiolaizolaosa/Documents/PFG/IsaacTutorials/wheeled_quadruped_robot/install/robot_description/share/robot_description//robot/quadruped_robot.xacro
[0.569s] -- Installing: /home/unaiolaizolaosa/Documents/PFG/IsaacTutorials/wheeled_quadruped_robot/install/robot_description/share/robot_description//robot/parts
[0.569s] -- Installing: /home/unaiolaizolaosa/Documents/PFG/IsaacTutorials/wheeled_quadruped_robot/install/robot_description/share/robot_description//robot/parts/shin
[0.569s] -- Installing: /home/unaiolaizolaosa/Documents/PFG/IsaacTutorials/wheeled_quadruped_robot/install/robot_description/share/robot_description//robot/parts/shin/shin.gazebo.xacro
[0.569s] -- Installing: /home/unaiolaizolaosa/Documents/PFG/IsaacTutorials/wheeled_quadruped_robot/install/robot_description/share/robot_description//robot/parts/shin/shin.xacro
[0.569s] -- Installing: /home/unaiolaizolaosa/Documents/PFG/IsaacTutorials/wheeled_quadruped_robot/install/robot_description/share/robot_description//robot/parts/front_right_thigh
[0.570s] -- Installing: /home/unaiolaizolaosa/Documents/PFG/IsaacTutorials/wheeled_quadruped_robot/install/robot_description/share/robot_description//robot/parts/front_right_thigh/front_right_thigh.gazebo.xacro
[0.570s] -- Installing: /home/unaiolaizolaosa/Documents/PFG/IsaacTutorials/wheeled_quadruped_robot/install/robot_description/share/robot_description//robot/parts/front_right_thigh/front_right_thigh.xacro
[0.570s] -- Installing: /home/unaiolaizolaosa/Documents/PFG/IsaacTutorials/wheeled_quadruped_robot/install/robot_description/share/robot_description//robot/parts/rear_left_thigh
[0.570s] -- Installing: /home/unaiolaizolaosa/Documents/PFG/IsaacTutorials/wheeled_quadruped_robot/install/robot_description/share/robot_description//robot/parts/rear_left_thigh/rear_left_thigh.gazebo.xacro
[0.570s] -- Installing: /home/unaiolaizolaosa/Documents/PFG/IsaacTutorials/wheeled_quadruped_robot/install/robot_description/share/robot_description//robot/parts/rear_left_thigh/rear_left_thigh.xacro
[0.570s] -- Installing: /home/unaiolaizolaosa/Documents/PFG/IsaacTutorials/wheeled_quadruped_robot/install/robot_description/share/robot_description//robot/parts/leg_joint
[0.570s] -- Installing: /home/unaiolaizolaosa/Documents/PFG/IsaacTutorials/wheeled_quadruped_robot/install/robot_description/share/robot_description//robot/parts/leg_joint/leg_joint.xacro
[0.571s] -- Installing: /home/unaiolaizolaosa/Documents/PFG/IsaacTutorials/wheeled_quadruped_robot/install/robot_description/share/robot_description//robot/parts/leg_joint/leg_joint.gazebo.xacro
[0.571s] -- Installing: /home/unaiolaizolaosa/Documents/PFG/IsaacTutorials/wheeled_quadruped_robot/install/robot_description/share/robot_description//robot/parts/front_left_thigh
[0.571s] -- Installing: /home/unaiolaizolaosa/Documents/PFG/IsaacTutorials/wheeled_quadruped_robot/install/robot_description/share/robot_description//robot/parts/front_left_thigh/front_left_thigh.xacro
[0.571s] -- Installing: /home/unaiolaizolaosa/Documents/PFG/IsaacTutorials/wheeled_quadruped_robot/install/robot_description/share/robot_description//robot/parts/front_left_thigh/front_left_thigh.gazebo.xacro
[0.571s] -- Installing: /home/unaiolaizolaosa/Documents/PFG/IsaacTutorials/wheeled_quadruped_robot/install/robot_description/share/robot_description//robot/parts/base
[0.571s] -- Installing: /home/unaiolaizolaosa/Documents/PFG/IsaacTutorials/wheeled_quadruped_robot/install/robot_description/share/robot_description//robot/parts/base/base.gazebo.xacro
[0.571s] -- Installing: /home/unaiolaizolaosa/Documents/PFG/IsaacTutorials/wheeled_quadruped_robot/install/robot_description/share/robot_description//robot/parts/base/base.xacro
[0.571s] -- Installing: /home/unaiolaizolaosa/Documents/PFG/IsaacTutorials/wheeled_quadruped_robot/install/robot_description/share/robot_description//robot/parts/rear_wheel
[0.571s] -- Installing: /home/unaiolaizolaosa/Documents/PFG/IsaacTutorials/wheeled_quadruped_robot/install/robot_description/share/robot_description//robot/parts/rear_wheel/rear_wheel.xacro
[0.571s] -- Installing: /home/unaiolaizolaosa/Documents/PFG/IsaacTutorials/wheeled_quadruped_robot/install/robot_description/share/robot_description//robot/parts/rear_wheel/rear_wheel.gazebo
[0.571s] -- Installing: /home/unaiolaizolaosa/Documents/PFG/IsaacTutorials/wheeled_quadruped_robot/install/robot_description/share/robot_description//robot/parts/front_wheel
[0.571s] -- Installing: /home/unaiolaizolaosa/Documents/PFG/IsaacTutorials/wheeled_quadruped_robot/install/robot_description/share/robot_description//robot/parts/front_wheel/front_wheel.gazebo
[0.572s] -- Installing: /home/unaiolaizolaosa/Documents/PFG/IsaacTutorials/wheeled_quadruped_robot/install/robot_description/share/robot_description//robot/parts/front_wheel/front_wheel.xacro
[0.572s] -- Installing: /home/unaiolaizolaosa/Documents/PFG/IsaacTutorials/wheeled_quadruped_robot/install/robot_description/share/robot_description//robot/parts/rear_right_thigh
[0.572s] -- Installing: /home/unaiolaizolaosa/Documents/PFG/IsaacTutorials/wheeled_quadruped_robot/install/robot_description/share/robot_description//robot/parts/rear_right_thigh/rear_right_thigh.xacro
[0.572s] -- Installing: /home/unaiolaizolaosa/Documents/PFG/IsaacTutorials/wheeled_quadruped_robot/install/robot_description/share/robot_description//robot/parts/rear_right_thigh/rear_right_thigh.gazebo.xacro
[0.572s] -- Installing: /home/unaiolaizolaosa/Documents/PFG/IsaacTutorials/wheeled_quadruped_robot/install/robot_description/share/robot_description//meshes
[0.572s] -- Installing: /home/unaiolaizolaosa/Documents/PFG/IsaacTutorials/wheeled_quadruped_robot/install/robot_description/share/robot_description//meshes/DAE
[0.572s] -- Installing: /home/unaiolaizolaosa/Documents/PFG/IsaacTutorials/wheeled_quadruped_robot/install/robot_description/share/robot_description//meshes/DAE/shin
[0.572s] -- Installing: /home/unaiolaizolaosa/Documents/PFG/IsaacTutorials/wheeled_quadruped_robot/install/robot_description/share/robot_description//meshes/DAE/shin/shin.dae
[0.572s] -- Installing: /home/unaiolaizolaosa/Documents/PFG/IsaacTutorials/wheeled_quadruped_robot/install/robot_description/share/robot_description//meshes/DAE/left_thigh
[0.572s] -- Installing: /home/unaiolaizolaosa/Documents/PFG/IsaacTutorials/wheeled_quadruped_robot/install/robot_description/share/robot_description//meshes/DAE/left_thigh/left_thigh.dae
[0.572s] -- Installing: /home/unaiolaizolaosa/Documents/PFG/IsaacTutorials/wheeled_quadruped_robot/install/robot_description/share/robot_description//meshes/DAE/leg_joint
[0.573s] -- Installing: /home/unaiolaizolaosa/Documents/PFG/IsaacTutorials/wheeled_quadruped_robot/install/robot_description/share/robot_description//meshes/DAE/leg_joint/leg_joint.dae
[0.575s] -- Installing: /home/unaiolaizolaosa/Documents/PFG/IsaacTutorials/wheeled_quadruped_robot/install/robot_description/share/robot_description//meshes/DAE/wheel
[0.575s] -- Installing: /home/unaiolaizolaosa/Documents/PFG/IsaacTutorials/wheeled_quadruped_robot/install/robot_description/share/robot_description//meshes/DAE/wheel/wheel.dae
[0.576s] -- Installing: /home/unaiolaizolaosa/Documents/PFG/IsaacTutorials/wheeled_quadruped_robot/install/robot_description/share/robot_description//meshes/DAE/body
[0.576s] -- Installing: /home/unaiolaizolaosa/Documents/PFG/IsaacTutorials/wheeled_quadruped_robot/install/robot_description/share/robot_description//meshes/DAE/body/body.dae
[0.578s] -- Installing: /home/unaiolaizolaosa/Documents/PFG/IsaacTutorials/wheeled_quadruped_robot/install/robot_description/share/robot_description//meshes/DAE/right_thigh
[0.578s] -- Installing: /home/unaiolaizolaosa/Documents/PFG/IsaacTutorials/wheeled_quadruped_robot/install/robot_description/share/robot_description//meshes/DAE/right_thigh/right_thigh.dae
[0.578s] -- Installing: /home/unaiolaizolaosa/Documents/PFG/IsaacTutorials/wheeled_quadruped_robot/install/robot_description/share/robot_description//meshes/STL
[0.578s] -- Installing: /home/unaiolaizolaosa/Documents/PFG/IsaacTutorials/wheeled_quadruped_robot/install/robot_description/share/robot_description//meshes/STL/shin
[0.579s] -- Installing: /home/unaiolaizolaosa/Documents/PFG/IsaacTutorials/wheeled_quadruped_robot/install/robot_description/share/robot_description//meshes/STL/shin/shin.stl
[0.579s] -- Installing: /home/unaiolaizolaosa/Documents/PFG/IsaacTutorials/wheeled_quadruped_robot/install/robot_description/share/robot_description//meshes/STL/left_thigh
[0.579s] -- Installing: /home/unaiolaizolaosa/Documents/PFG/IsaacTutorials/wheeled_quadruped_robot/install/robot_description/share/robot_description//meshes/STL/left_thigh/left_thigh.stl
[0.580s] -- Installing: /home/unaiolaizolaosa/Documents/PFG/IsaacTutorials/wheeled_quadruped_robot/install/robot_description/share/robot_description//meshes/STL/leg_joint
[0.580s] -- Installing: /home/unaiolaizolaosa/Documents/PFG/IsaacTutorials/wheeled_quadruped_robot/install/robot_description/share/robot_description//meshes/STL/leg_joint/leg_joint.stl
[0.582s] -- Installing: /home/unaiolaizolaosa/Documents/PFG/IsaacTutorials/wheeled_quadruped_robot/install/robot_description/share/robot_description//meshes/STL/wheel
[0.582s] -- Installing: /home/unaiolaizolaosa/Documents/PFG/IsaacTutorials/wheeled_quadruped_robot/install/robot_description/share/robot_description//meshes/STL/wheel/wheel.stl
[0.582s] -- Installing: /home/unaiolaizolaosa/Documents/PFG/IsaacTutorials/wheeled_quadruped_robot/install/robot_description/share/robot_description//meshes/STL/body
[0.582s] -- Installing: /home/unaiolaizolaosa/Documents/PFG/IsaacTutorials/wheeled_quadruped_robot/install/robot_description/share/robot_description//meshes/STL/body/body.stl
[0.583s] -- Installing: /home/unaiolaizolaosa/Documents/PFG/IsaacTutorials/wheeled_quadruped_robot/install/robot_description/share/robot_description//meshes/STL/right_thigh
[0.584s] -- Installing: /home/unaiolaizolaosa/Documents/PFG/IsaacTutorials/wheeled_quadruped_robot/install/robot_description/share/robot_description//meshes/STL/right_thigh/right_thigh.stl
[0.584s] -- Installing: /home/unaiolaizolaosa/Documents/PFG/IsaacTutorials/wheeled_quadruped_robot/install/robot_description/share/robot_description//config
[0.584s] -- Installing: /home/unaiolaizolaosa/Documents/PFG/IsaacTutorials/wheeled_quadruped_robot/install/robot_description/share/robot_description//config/robot1_controller.yaml
[0.584s] -- Installing: /home/unaiolaizolaosa/Documents/PFG/IsaacTutorials/wheeled_quadruped_robot/install/robot_description/share/robot_description//launch
[0.584s] -- Installing: /home/unaiolaizolaosa/Documents/PFG/IsaacTutorials/wheeled_quadruped_robot/install/robot_description/share/robot_description//launch/robot_state_publisher.launch.py
[0.584s] -- Installing: /home/unaiolaizolaosa/Documents/PFG/IsaacTutorials/wheeled_quadruped_robot/install/robot_description/share/ament_index/resource_index/package_run_dependencies/robot_description
[0.585s] -- Installing: /home/unaiolaizolaosa/Documents/PFG/IsaacTutorials/wheeled_quadruped_robot/install/robot_description/share/ament_index/resource_index/parent_prefix_path/robot_description
[0.585s] -- Installing: /home/unaiolaizolaosa/Documents/PFG/IsaacTutorials/wheeled_quadruped_robot/install/robot_description/share/robot_description/environment/ament_prefix_path.sh
[0.585s] -- Installing: /home/unaiolaizolaosa/Documents/PFG/IsaacTutorials/wheeled_quadruped_robot/install/robot_description/share/robot_description/environment/ament_prefix_path.dsv
[0.585s] -- Installing: /home/unaiolaizolaosa/Documents/PFG/IsaacTutorials/wheeled_quadruped_robot/install/robot_description/share/robot_description/environment/path.sh
[0.587s] -- Installing: /home/unaiolaizolaosa/Documents/PFG/IsaacTutorials/wheeled_quadruped_robot/install/robot_description/share/robot_description/environment/path.dsv
[0.590s] -- Installing: /home/unaiolaizolaosa/Documents/PFG/IsaacTutorials/wheeled_quadruped_robot/install/robot_description/share/robot_description/local_setup.bash
[0.590s] -- Installing: /home/unaiolaizolaosa/Documents/PFG/IsaacTutorials/wheeled_quadruped_robot/install/robot_description/share/robot_description/local_setup.sh
[0.590s] -- Installing: /home/unaiolaizolaosa/Documents/PFG/IsaacTutorials/wheeled_quadruped_robot/install/robot_description/share/robot_description/local_setup.zsh
[0.591s] -- Installing: /home/unaiolaizolaosa/Documents/PFG/IsaacTutorials/wheeled_quadruped_robot/install/robot_description/share/robot_description/local_setup.dsv
[0.591s] -- Installing: /home/unaiolaizolaosa/Documents/PFG/IsaacTutorials/wheeled_quadruped_robot/install/robot_description/share/robot_description/package.dsv
[0.591s] -- Installing: /home/unaiolaizolaosa/Documents/PFG/IsaacTutorials/wheeled_quadruped_robot/install/robot_description/share/ament_index/resource_index/packages/robot_description
[0.591s] -- Installing: /home/unaiolaizolaosa/Documents/PFG/IsaacTutorials/wheeled_quadruped_robot/install/robot_description/share/robot_description/cmake/robot_descriptionConfig.cmake
[0.591s] -- Installing: /home/unaiolaizolaosa/Documents/PFG/IsaacTutorials/wheeled_quadruped_robot/install/robot_description/share/robot_description/cmake/robot_descriptionConfig-version.cmake
[0.592s] -- Installing: /home/unaiolaizolaosa/Documents/PFG/IsaacTutorials/wheeled_quadruped_robot/install/robot_description/share/robot_description/package.xml
[0.592s] Invoked command in '/home/unaiolaizolaosa/Documents/PFG/IsaacTutorials/wheeled_quadruped_robot/build/robot_description' returned '0': CMAKE_PREFIX_PATH=/opt/ros/jazzy CONDA_PROMPT_MODIFIER=(isaacsim311) DEBUGINFOD_URLS=https://debuginfod.ubuntu.com /usr/bin/cmake --install /home/unaiolaizolaosa/Documents/PFG/IsaacTutorials/wheeled_quadruped_robot/build/robot_description
