[0.072s] Invoking command in '/home/unaiolaizolaosa/Documents/PFG/IsaacTutorials/wheeled_quadruped_robot/build/robot_description': CMAKE_PREFIX_PATH=/opt/ros/jazzy CONDA_PROMPT_MODIFIER=(isaacsim311) DEBUGINFOD_URLS=https://debuginfod.ubuntu.com /usr/bin/cmake /home/unaiolaizolaosa/Documents/PFG/IsaacTutorials/wheeled_quadruped_robot/src/robot_description -DCMAKE_INSTALL_PREFIX=/home/unaiolaizolaosa/Documents/PFG/IsaacTutorials/wheeled_quadruped_robot/install/robot_description
[0.121s] -- The C compiler identification is GNU 13.3.0
[0.171s] -- The CXX compiler identification is GNU 13.3.0
[0.185s] -- Detecting C compiler ABI info
[0.259s] -- Detecting C compiler ABI info - done
[0.269s] -- Check for working C compiler: /usr/bin/cc - skipped
[0.269s] -- Detecting C compile features
[0.270s] -- Detecting C compile features - done
[0.278s] -- Detecting CXX compiler ABI info
[0.365s] -- Detecting CXX compiler ABI info - done
[0.375s] -- Check for working CXX compiler: /usr/bin/c++ - skipped
[0.375s] -- Detecting CXX compile features
[0.376s] -- Detecting CXX compile features - done
[0.377s] -- Found ament_cmake: 2.5.4 (/opt/ros/jazzy/share/ament_cmake/cmake)
[0.561s] -- Found Python3: /home/unaiolaizolaosa/miniconda3/envs/isaacsim311/bin/python3 (found version "3.11.14") found components: Interpreter 
[0.649s] -- Found urdf: 2.10.0 (/opt/ros/jazzy/share/urdf/cmake)
[0.684s] -- Found TinyXML2 via Config file: /usr/lib/x86_64-linux-gnu/cmake/tinyxml2
[0.692s] -- Found ament_lint_auto: 0.17.3 (/opt/ros/jazzy/share/ament_lint_auto/cmake)
[0.718s] Traceback (most recent call last):
[0.718s]   File "/opt/ros/jazzy/share/ament_cmake_core/cmake/core/package_xml_2_cmake.py", line 22, in <module>
[0.719s]     from catkin_pkg.package import parse_package_string
[0.719s] ModuleNotFoundError: No module named 'catkin_pkg'
[0.723s] [31mCMake Error at /opt/ros/jazzy/share/ament_cmake_core/cmake/core/ament_package_xml.cmake:95 (message):
[0.723s]   
[0.723s]   execute_process(/home/unaiolaizolaosa/miniconda3/envs/isaacsim311/bin/python3
[0.723s]   /opt/ros/jazzy/share/ament_cmake_core/cmake/core/package_xml_2_cmake.py
[0.723s]   /home/unaiolaizolaosa/Documents/PFG/IsaacTutorials/wheeled_quadruped_robot/src/robot_description/package.xml
[0.723s]   /home/unaiolaizolaosa/Documents/PFG/IsaacTutorials/wheeled_quadruped_robot/build/robot_description/ament_cmake_core/package.cmake)
[0.723s]   returned error code 1
[0.723s] Call Stack (most recent call first):
[0.724s]   /opt/ros/jazzy/share/ament_cmake_core/cmake/core/ament_package_xml.cmake:49 (_ament_package_xml)
[0.724s]   /opt/ros/jazzy/share/ament_lint_auto/cmake/ament_lint_auto_find_test_dependencies.cmake:31 (ament_package_xml)
[0.724s]   CMakeLists.txt:25 (ament_lint_auto_find_test_dependencies)
[0.724s] 
[0.724s] [0m
[0.724s] -- Configuring incomplete, errors occurred!
[0.730s] Invoked command in '/home/unaiolaizolaosa/Documents/PFG/IsaacTutorials/wheeled_quadruped_robot/build/robot_description' returned '1': CMAKE_PREFIX_PATH=/opt/ros/jazzy CONDA_PROMPT_MODIFIER=(isaacsim311) DEBUGINFOD_URLS=https://debuginfod.ubuntu.com /usr/bin/cmake /home/unaiolaizolaosa/Documents/PFG/IsaacTutorials/wheeled_quadruped_robot/src/robot_description -DCMAKE_INSTALL_PREFIX=/home/unaiolaizolaosa/Documents/PFG/IsaacTutorials/wheeled_quadruped_robot/install/robot_description
