-- Install configuration: ""
-- Up-to-date: /home/unaiolaizolaosa/Documents/PFG/IsaacTutorials/wheeled_quadruped_robot/install/robot_description/share/robot_description//robot
-- Up-to-date: /home/unaiolaizolaosa/Documents/PFG/IsaacTutorials/wheeled_quadruped_robot/install/robot_description/share/robot_description//robot/quadruped_robot
-- Up-to-date: /home/unaiolaizolaosa/Documents/PFG/IsaacTutorials/wheeled_quadruped_robot/install/robot_description/share/robot_description//robot/quadruped_robot/quadruped_robot.usd
-- Up-to-date: /home/unaiolaizolaosa/Documents/PFG/IsaacTutorials/wheeled_quadruped_robot/install/robot_description/share/robot_description//robot/robot_control_gazebo.xacro
-- Installing: /home/unaiolaizolaosa/Documents/PFG/IsaacTutorials/wheeled_quadruped_robot/install/robot_description/share/robot_description//robot/quadruped_robot.urdf
-- Up-to-date: /home/unaiolaizolaosa/Documents/PFG/IsaacTutorials/wheeled_quadruped_robot/install/robot_description/share/robot_description//robot/quadruped_robot.xacro
-- Up-to-date: /home/unaiolaizolaosa/Documents/PFG/IsaacTutorials/wheeled_quadruped_robot/install/robot_description/share/robot_description//robot/parts
-- Up-to-date: /home/unaiolaizolaosa/Documents/PFG/IsaacTutorials/wheeled_quadruped_robot/install/robot_description/share/robot_description//robot/parts/shin
-- Up-to-date: /home/unaiolaizolaosa/Documents/PFG/IsaacTutorials/wheeled_quadruped_robot/install/robot_description/share/robot_description//robot/parts/shin/shin.gazebo.xacro
-- Up-to-date: /home/unaiolaizolaosa/Documents/PFG/IsaacTutorials/wheeled_quadruped_robot/install/robot_description/share/robot_description//robot/parts/shin/shin.xacro
-- Up-to-date: /home/unaiolaizolaosa/Documents/PFG/IsaacTutorials/wheeled_quadruped_robot/install/robot_description/share/robot_description//robot/parts/front_right_thigh
-- Up-to-date: /home/unaiolaizolaosa/Documents/PFG/IsaacTutorials/wheeled_quadruped_robot/install/robot_description/share/robot_description//robot/parts/front_right_thigh/front_right_thigh.gazebo.xacro
-- Up-to-date: /home/unaiolaizolaosa/Documents/PFG/IsaacTutorials/wheeled_quadruped_robot/install/robot_description/share/robot_description//robot/parts/front_right_thigh/front_right_thigh.xacro
-- Up-to-date: /home/unaiolaizolaosa/Documents/PFG/IsaacTutorials/wheeled_quadruped_robot/install/robot_description/share/robot_description//robot/parts/rear_left_thigh
-- Up-to-date: /home/unaiolaizolaosa/Documents/PFG/IsaacTutorials/wheeled_quadruped_robot/install/robot_description/share/robot_description//robot/parts/rear_left_thigh/rear_left_thigh.gazebo.xacro
-- Up-to-date: /home/unaiolaizolaosa/Documents/PFG/IsaacTutorials/wheeled_quadruped_robot/install/robot_description/share/robot_description//robot/parts/rear_left_thigh/rear_left_thigh.xacro
-- Up-to-date: /home/unaiolaizolaosa/Documents/PFG/IsaacTutorials/wheeled_quadruped_robot/install/robot_description/share/robot_description//robot/parts/leg_joint
-- Up-to-date: /home/unaiolaizolaosa/Documents/PFG/IsaacTutorials/wheeled_quadruped_robot/install/robot_description/share/robot_description//robot/parts/leg_joint/leg_joint.xacro
-- Up-to-date: /home/unaiolaizolaosa/Documents/PFG/IsaacTutorials/wheeled_quadruped_robot/install/robot_description/share/robot_description//robot/parts/leg_joint/leg_joint.gazebo.xacro
-- Up-to-date: /home/unaiolaizolaosa/Documents/PFG/IsaacTutorials/wheeled_quadruped_robot/install/robot_description/share/robot_description//robot/parts/front_left_thigh
-- Up-to-date: /home/unaiolaizolaosa/Documents/PFG/IsaacTutorials/wheeled_quadruped_robot/install/robot_description/share/robot_description//robot/parts/front_left_thigh/front_left_thigh.xacro
-- Up-to-date: /home/unaiolaizolaosa/Documents/PFG/IsaacTutorials/wheeled_quadruped_robot/install/robot_description/share/robot_description//robot/parts/front_left_thigh/front_left_thigh.gazebo.xacro
-- Up-to-date: /home/unaiolaizolaosa/Documents/PFG/IsaacTutorials/wheeled_quadruped_robot/install/robot_description/share/robot_description//robot/parts/base
-- Up-to-date: /home/unaiolaizolaosa/Documents/PFG/IsaacTutorials/wheeled_quadruped_robot/install/robot_description/share/robot_description//robot/parts/base/base.gazebo.xacro
-- Up-to-date: /home/unaiolaizolaosa/Documents/PFG/IsaacTutorials/wheeled_quadruped_robot/install/robot_description/share/robot_description//robot/parts/base/base.xacro
-- Up-to-date: /home/unaiolaizolaosa/Documents/PFG/IsaacTutorials/wheeled_quadruped_robot/install/robot_description/share/robot_description//robot/parts/rear_wheel
-- Up-to-date: /home/unaiolaizolaosa/Documents/PFG/IsaacTutorials/wheeled_quadruped_robot/install/robot_description/share/robot_description//robot/parts/rear_wheel/rear_wheel.xacro
-- Up-to-date: /home/unaiolaizolaosa/Documents/PFG/IsaacTutorials/wheeled_quadruped_robot/install/robot_description/share/robot_description//robot/parts/rear_wheel/rear_wheel.gazebo
-- Up-to-date: /home/unaiolaizolaosa/Documents/PFG/IsaacTutorials/wheeled_quadruped_robot/install/robot_description/share/robot_description//robot/parts/front_wheel
-- Up-to-date: /home/unaiolaizolaosa/Documents/PFG/IsaacTutorials/wheeled_quadruped_robot/install/robot_description/share/robot_description//robot/parts/front_wheel/front_wheel.gazebo
-- Up-to-date: /home/unaiolaizolaosa/Documents/PFG/IsaacTutorials/wheeled_quadruped_robot/install/robot_description/share/robot_description//robot/parts/front_wheel/front_wheel.xacro
-- Up-to-date: /home/unaiolaizolaosa/Documents/PFG/IsaacTutorials/wheeled_quadruped_robot/install/robot_description/share/robot_description//robot/parts/rear_right_thigh
-- Up-to-date: /home/unaiolaizolaosa/Documents/PFG/IsaacTutorials/wheeled_quadruped_robot/install/robot_description/share/robot_description//robot/parts/rear_right_thigh/rear_right_thigh.xacro
-- Up-to-date: /home/unaiolaizolaosa/Documents/PFG/IsaacTutorials/wheeled_quadruped_robot/install/robot_description/share/robot_description//robot/parts/rear_right_thigh/rear_right_thigh.gazebo.xacro
-- Up-to-date: /home/unaiolaizolaosa/Documents/PFG/IsaacTutorials/wheeled_quadruped_robot/install/robot_description/share/robot_description//meshes
-- Up-to-date: /home/unaiolaizolaosa/Documents/PFG/IsaacTutorials/wheeled_quadruped_robot/install/robot_description/share/robot_description//meshes/DAE
-- Up-to-date: /home/unaiolaizolaosa/Documents/PFG/IsaacTutorials/wheeled_quadruped_robot/install/robot_description/share/robot_description//meshes/DAE/shin
-- Up-to-date: /home/unaiolaizolaosa/Documents/PFG/IsaacTutorials/wheeled_quadruped_robot/install/robot_description/share/robot_description//meshes/DAE/shin/shin.dae
-- Up-to-date: /home/unaiolaizolaosa/Documents/PFG/IsaacTutorials/wheeled_quadruped_robot/install/robot_description/share/robot_description//meshes/DAE/left_thigh
-- Up-to-date: /home/unaiolaizolaosa/Documents/PFG/IsaacTutorials/wheeled_quadruped_robot/install/robot_description/share/robot_description//meshes/DAE/left_thigh/left_thigh.dae
-- Up-to-date: /home/unaiolaizolaosa/Documents/PFG/IsaacTutorials/wheeled_quadruped_robot/install/robot_description/share/robot_description//meshes/DAE/leg_joint
-- Up-to-date: /home/unaiolaizolaosa/Documents/PFG/IsaacTutorials/wheeled_quadruped_robot/install/robot_description/share/robot_description//meshes/DAE/leg_joint/leg_joint.dae
-- Up-to-date: /home/unaiolaizolaosa/Documents/PFG/IsaacTutorials/wheeled_quadruped_robot/install/robot_description/share/robot_description//meshes/DAE/wheel
-- Up-to-date: /home/unaiolaizolaosa/Documents/PFG/IsaacTutorials/wheeled_quadruped_robot/install/robot_description/share/robot_description//meshes/DAE/wheel/wheel.dae
-- Up-to-date: /home/unaiolaizolaosa/Documents/PFG/IsaacTutorials/wheeled_quadruped_robot/install/robot_description/share/robot_description//meshes/DAE/body
-- Up-to-date: /home/unaiolaizolaosa/Documents/PFG/IsaacTutorials/wheeled_quadruped_robot/install/robot_description/share/robot_description//meshes/DAE/body/body.dae
-- Up-to-date: /home/unaiolaizolaosa/Documents/PFG/IsaacTutorials/wheeled_quadruped_robot/install/robot_description/share/robot_description//meshes/DAE/right_thigh
-- Up-to-date: /home/unaiolaizolaosa/Documents/PFG/IsaacTutorials/wheeled_quadruped_robot/install/robot_description/share/robot_description//meshes/DAE/right_thigh/right_thigh.dae
-- Up-to-date: /home/unaiolaizolaosa/Documents/PFG/IsaacTutorials/wheeled_quadruped_robot/install/robot_description/share/robot_description//meshes/STL
-- Up-to-date: /home/unaiolaizolaosa/Documents/PFG/IsaacTutorials/wheeled_quadruped_robot/install/robot_description/share/robot_description//meshes/STL/shin
-- Up-to-date: /home/unaiolaizolaosa/Documents/PFG/IsaacTutorials/wheeled_quadruped_robot/install/robot_description/share/robot_description//meshes/STL/shin/shin.stl
-- Up-to-date: /home/unaiolaizolaosa/Documents/PFG/IsaacTutorials/wheeled_quadruped_robot/install/robot_description/share/robot_description//meshes/STL/left_thigh
-- Up-to-date: /home/unaiolaizolaosa/Documents/PFG/IsaacTutorials/wheeled_quadruped_robot/install/robot_description/share/robot_description//meshes/STL/left_thigh/left_thigh.stl
-- Up-to-date: /home/unaiolaizolaosa/Documents/PFG/IsaacTutorials/wheeled_quadruped_robot/install/robot_description/share/robot_description//meshes/STL/leg_joint
-- Up-to-date: /home/unaiolaizolaosa/Documents/PFG/IsaacTutorials/wheeled_quadruped_robot/install/robot_description/share/robot_description//meshes/STL/leg_joint/leg_joint.stl
-- Up-to-date: /home/unaiolaizolaosa/Documents/PFG/IsaacTutorials/wheeled_quadruped_robot/install/robot_description/share/robot_description//meshes/STL/wheel
-- Up-to-date: /home/unaiolaizolaosa/Documents/PFG/IsaacTutorials/wheeled_quadruped_robot/install/robot_description/share/robot_description//meshes/STL/wheel/wheel.stl
-- Up-to-date: /home/unaiolaizolaosa/Documents/PFG/IsaacTutorials/wheeled_quadruped_robot/install/robot_description/share/robot_description//meshes/STL/body
-- Up-to-date: /home/unaiolaizolaosa/Documents/PFG/IsaacTutorials/wheeled_quadruped_robot/install/robot_description/share/robot_description//meshes/STL/body/body.stl
-- Up-to-date: /home/unaiolaizolaosa/Documents/PFG/IsaacTutorials/wheeled_quadruped_robot/install/robot_description/share/robot_description//meshes/STL/right_thigh
-- Up-to-date: /home/unaiolaizolaosa/Documents/PFG/IsaacTutorials/wheeled_quadruped_robot/install/robot_description/share/robot_description//meshes/STL/right_thigh/right_thigh.stl
-- Up-to-date: /home/unaiolaizolaosa/Documents/PFG/IsaacTutorials/wheeled_quadruped_robot/install/robot_description/share/robot_description//config
-- Up-to-date: /home/unaiolaizolaosa/Documents/PFG/IsaacTutorials/wheeled_quadruped_robot/install/robot_description/share/robot_description//config/robot1_controller.yaml
-- Up-to-date: /home/unaiolaizolaosa/Documents/PFG/IsaacTutorials/wheeled_quadruped_robot/install/robot_description/share/robot_description//launch
-- Up-to-date: /home/unaiolaizolaosa/Documents/PFG/IsaacTutorials/wheeled_quadruped_robot/install/robot_description/share/robot_description//launch/robot_state_publisher.launch.py
-- Up-to-date: /home/unaiolaizolaosa/Documents/PFG/IsaacTutorials/wheeled_quadruped_robot/install/robot_description/share/ament_index/resource_index/package_run_dependencies/robot_description
-- Up-to-date: /home/unaiolaizolaosa/Documents/PFG/IsaacTutorials/wheeled_quadruped_robot/install/robot_description/share/ament_index/resource_index/parent_prefix_path/robot_description
-- Up-to-date: /home/unaiolaizolaosa/Documents/PFG/IsaacTutorials/wheeled_quadruped_robot/install/robot_description/share/robot_description/environment/ament_prefix_path.sh
-- Up-to-date: /home/unaiolaizolaosa/Documents/PFG/IsaacTutorials/wheeled_quadruped_robot/install/robot_description/share/robot_description/environment/ament_prefix_path.dsv
-- Up-to-date: /home/unaiolaizolaosa/Documents/PFG/IsaacTutorials/wheeled_quadruped_robot/install/robot_description/share/robot_description/environment/path.sh
-- Up-to-date: /home/unaiolaizolaosa/Documents/PFG/IsaacTutorials/wheeled_quadruped_robot/install/robot_description/share/robot_description/environment/path.dsv
-- Up-to-date: /home/unaiolaizolaosa/Documents/PFG/IsaacTutorials/wheeled_quadruped_robot/install/robot_description/share/robot_description/local_setup.bash
-- Up-to-date: /home/unaiolaizolaosa/Documents/PFG/IsaacTutorials/wheeled_quadruped_robot/install/robot_description/share/robot_description/local_setup.sh
-- Up-to-date: /home/unaiolaizolaosa/Documents/PFG/IsaacTutorials/wheeled_quadruped_robot/install/robot_description/share/robot_description/local_setup.zsh
-- Up-to-date: /home/unaiolaizolaosa/Documents/PFG/IsaacTutorials/wheeled_quadruped_robot/install/robot_description/share/robot_description/local_setup.dsv
-- Up-to-date: /home/unaiolaizolaosa/Documents/PFG/IsaacTutorials/wheeled_quadruped_robot/install/robot_description/share/robot_description/package.dsv
-- Up-to-date: /home/unaiolaizolaosa/Documents/PFG/IsaacTutorials/wheeled_quadruped_robot/install/robot_description/share/ament_index/resource_index/packages/robot_description
-- Up-to-date: /home/unaiolaizolaosa/Documents/PFG/IsaacTutorials/wheeled_quadruped_robot/install/robot_description/share/robot_description/cmake/robot_descriptionConfig.cmake
-- Up-to-date: /home/unaiolaizolaosa/Documents/PFG/IsaacTutorials/wheeled_quadruped_robot/install/robot_description/share/robot_description/cmake/robot_descriptionConfig-version.cmake
-- Up-to-date: /home/unaiolaizolaosa/Documents/PFG/IsaacTutorials/wheeled_quadruped_robot/install/robot_description/share/robot_description/package.xml
