[0.074s] Invoking command in '/home/unaiolaizolaosa/Documents/PFG/IsaacTutorials/wheeled_quadruped_robot/build/robot_description': CONDA_PROMPT_MODIFIER=(base) DEBUGINFOD_URLS=https://debuginfod.ubuntu.com /home/unaiolaizolaosa/miniconda3/bin/cmake --build /home/unaiolaizolaosa/Documents/PFG/IsaacTutorials/wheeled_quadruped_robot/build/robot_description -- -j4 -l4
[0.307s] Invoked command in '/home/unaiolaizolaosa/Documents/PFG/IsaacTutorials/wheeled_quadruped_robot/build/robot_description' returned '0': CONDA_PROMPT_MODIFIER=(base) DEBUGINFOD_URLS=https://debuginfod.ubuntu.com /home/unaiolaizolaosa/miniconda3/bin/cmake --build /home/unaiolaizolaosa/Documents/PFG/IsaacTutorials/wheeled_quadruped_robot/build/robot_description -- -j4 -l4
[0.537s] Invoking command in '/home/unaiolaizolaosa/Documents/PFG/IsaacTutorials/wheeled_quadruped_robot/build/robot_description': CONDA_PROMPT_MODIFIER=(base) DEBUGINFOD_URLS=https://debuginfod.ubuntu.com /home/unaiolaizolaosa/miniconda3/bin/cmake --install /home/unaiolaizolaosa/Documents/PFG/IsaacTutorials/wheeled_quadruped_robot/build/robot_description
[0.651s] -- Install configuration: ""
[0.651s] -- Up-to-date: /home/unaiolaizolaosa/Documents/PFG/IsaacTutorials/wheeled_quadruped_robot/install/robot_description/share/robot_description//robot
[0.651s] -- Up-to-date: /home/unaiolaizolaosa/Documents/PFG/IsaacTutorials/wheeled_quadruped_robot/install/robot_description/share/robot_description//robot/quadruped_robot
[0.652s] -- Up-to-date: /home/unaiolaizolaosa/Documents/PFG/IsaacTutorials/wheeled_quadruped_robot/install/robot_description/share/robot_description//robot/quadruped_robot/quadruped_robot.usd
[0.652s] -- Up-to-date: /home/unaiolaizolaosa/Documents/PFG/IsaacTutorials/wheeled_quadruped_robot/install/robot_description/share/robot_description//robot/robot_control_gazebo.xacro
[0.652s] -- Installing: /home/unaiolaizolaosa/Documents/PFG/IsaacTutorials/wheeled_quadruped_robot/install/robot_description/share/robot_description//robot/quadruped_robot.urdf
[0.653s] -- Up-to-date: /home/unaiolaizolaosa/Documents/PFG/IsaacTutorials/wheeled_quadruped_robot/install/robot_description/share/robot_description//robot/quadruped_robot.xacro
[0.653s] -- Up-to-date: /home/unaiolaizolaosa/Documents/PFG/IsaacTutorials/wheeled_quadruped_robot/install/robot_description/share/robot_description//robot/parts
[0.653s] -- Up-to-date: /home/unaiolaizolaosa/Documents/PFG/IsaacTutorials/wheeled_quadruped_robot/install/robot_description/share/robot_description//robot/parts/shin
[0.654s] -- Up-to-date: /home/unaiolaizolaosa/Documents/PFG/IsaacTutorials/wheeled_quadruped_robot/install/robot_description/share/robot_description//robot/parts/shin/shin.gazebo.xacro
[0.654s] -- Up-to-date: /home/unaiolaizolaosa/Documents/PFG/IsaacTutorials/wheeled_quadruped_robot/install/robot_description/share/robot_description//robot/parts/shin/shin.xacro
[0.654s] -- Up-to-date: /home/unaiolaizolaosa/Documents/PFG/IsaacTutorials/wheeled_quadruped_robot/install/robot_description/share/robot_description//robot/parts/front_right_thigh
[0.654s] -- Up-to-date: /home/unaiolaizolaosa/Documents/PFG/IsaacTutorials/wheeled_quadruped_robot/install/robot_description/share/robot_description//robot/parts/front_right_thigh/front_right_thigh.gazebo.xacro
[0.654s] -- Up-to-date: /home/unaiolaizolaosa/Documents/PFG/IsaacTutorials/wheeled_quadruped_robot/install/robot_description/share/robot_description//robot/parts/front_right_thigh/front_right_thigh.xacro
[0.654s] -- Up-to-date: /home/unaiolaizolaosa/Documents/PFG/IsaacTutorials/wheeled_quadruped_robot/install/robot_description/share/robot_description//robot/parts/rear_left_thigh
[0.654s] -- Up-to-date: /home/unaiolaizolaosa/Documents/PFG/IsaacTutorials/wheeled_quadruped_robot/install/robot_description/share/robot_description//robot/parts/rear_left_thigh/rear_left_thigh.gazebo.xacro
[0.654s] -- Up-to-date: /home/unaiolaizolaosa/Documents/PFG/IsaacTutorials/wheeled_quadruped_robot/install/robot_description/share/robot_description//robot/parts/rear_left_thigh/rear_left_thigh.xacro
[0.654s] -- Up-to-date: /home/unaiolaizolaosa/Documents/PFG/IsaacTutorials/wheeled_quadruped_robot/install/robot_description/share/robot_description//robot/parts/leg_joint
[0.654s] -- Up-to-date: /home/unaiolaizolaosa/Documents/PFG/IsaacTutorials/wheeled_quadruped_robot/install/robot_description/share/robot_description//robot/parts/leg_joint/leg_joint.xacro
[0.656s] -- Up-to-date: /home/unaiolaizolaosa/Documents/PFG/IsaacTutorials/wheeled_quadruped_robot/install/robot_description/share/robot_description//robot/parts/leg_joint/leg_joint.gazebo.xacro
[0.657s] -- Up-to-date: /home/unaiolaizolaosa/Documents/PFG/IsaacTutorials/wheeled_quadruped_robot/install/robot_description/share/robot_description//robot/parts/front_left_thigh
[0.657s] -- Up-to-date: /home/unaiolaizolaosa/Documents/PFG/IsaacTutorials/wheeled_quadruped_robot/install/robot_description/share/robot_description//robot/parts/front_left_thigh/front_left_thigh.xacro
[0.657s] -- Up-to-date: /home/unaiolaizolaosa/Documents/PFG/IsaacTutorials/wheeled_quadruped_robot/install/robot_description/share/robot_description//robot/parts/front_left_thigh/front_left_thigh.gazebo.xacro
[0.658s] -- Up-to-date: /home/unaiolaizolaosa/Documents/PFG/IsaacTutorials/wheeled_quadruped_robot/install/robot_description/share/robot_description//robot/parts/base
[0.658s] -- Up-to-date: /home/unaiolaizolaosa/Documents/PFG/IsaacTutorials/wheeled_quadruped_robot/install/robot_description/share/robot_description//robot/parts/base/base.gazebo.xacro
[0.658s] -- Up-to-date: /home/unaiolaizolaosa/Documents/PFG/IsaacTutorials/wheeled_quadruped_robot/install/robot_description/share/robot_description//robot/parts/base/base.xacro
[0.658s] -- Up-to-date: /home/unaiolaizolaosa/Documents/PFG/IsaacTutorials/wheeled_quadruped_robot/install/robot_description/share/robot_description//robot/parts/rear_wheel
[0.658s] -- Up-to-date: /home/unaiolaizolaosa/Documents/PFG/IsaacTutorials/wheeled_quadruped_robot/install/robot_description/share/robot_description//robot/parts/rear_wheel/rear_wheel.xacro
[0.658s] -- Up-to-date: /home/unaiolaizolaosa/Documents/PFG/IsaacTutorials/wheeled_quadruped_robot/install/robot_description/share/robot_description//robot/parts/rear_wheel/rear_wheel.gazebo
[0.658s] -- Up-to-date: /home/unaiolaizolaosa/Documents/PFG/IsaacTutorials/wheeled_quadruped_robot/install/robot_description/share/robot_description//robot/parts/front_wheel
[0.659s] -- Up-to-date: /home/unaiolaizolaosa/Documents/PFG/IsaacTutorials/wheeled_quadruped_robot/install/robot_description/share/robot_description//robot/parts/front_wheel/front_wheel.gazebo
[0.659s] -- Up-to-date: /home/unaiolaizolaosa/Documents/PFG/IsaacTutorials/wheeled_quadruped_robot/install/robot_description/share/robot_description//robot/parts/front_wheel/front_wheel.xacro
[0.659s] -- Up-to-date: /home/unaiolaizolaosa/Documents/PFG/IsaacTutorials/wheeled_quadruped_robot/install/robot_description/share/robot_description//robot/parts/rear_right_thigh
[0.659s] -- Up-to-date: /home/unaiolaizolaosa/Documents/PFG/IsaacTutorials/wheeled_quadruped_robot/install/robot_description/share/robot_description//robot/parts/rear_right_thigh/rear_right_thigh.xacro
[0.659s] -- Up-to-date: /home/unaiolaizolaosa/Documents/PFG/IsaacTutorials/wheeled_quadruped_robot/install/robot_description/share/robot_description//robot/parts/rear_right_thigh/rear_right_thigh.gazebo.xacro
[0.659s] -- Up-to-date: /home/unaiolaizolaosa/Documents/PFG/IsaacTutorials/wheeled_quadruped_robot/install/robot_description/share/robot_description//meshes
[0.659s] -- Up-to-date: /home/unaiolaizolaosa/Documents/PFG/IsaacTutorials/wheeled_quadruped_robot/install/robot_description/share/robot_description//meshes/DAE
[0.660s] -- Up-to-date: /home/unaiolaizolaosa/Documents/PFG/IsaacTutorials/wheeled_quadruped_robot/install/robot_description/share/robot_description//meshes/DAE/shin
[0.660s] -- Up-to-date: /home/unaiolaizolaosa/Documents/PFG/IsaacTutorials/wheeled_quadruped_robot/install/robot_description/share/robot_description//meshes/DAE/shin/shin.dae
[0.660s] -- Up-to-date: /home/unaiolaizolaosa/Documents/PFG/IsaacTutorials/wheeled_quadruped_robot/install/robot_description/share/robot_description//meshes/DAE/left_thigh
[0.661s] -- Up-to-date: /home/unaiolaizolaosa/Documents/PFG/IsaacTutorials/wheeled_quadruped_robot/install/robot_description/share/robot_description//meshes/DAE/left_thigh/left_thigh.dae
[0.661s] -- Up-to-date: /home/unaiolaizolaosa/Documents/PFG/IsaacTutorials/wheeled_quadruped_robot/install/robot_description/share/robot_description//meshes/DAE/leg_joint
[0.661s] -- Up-to-date: /home/unaiolaizolaosa/Documents/PFG/IsaacTutorials/wheeled_quadruped_robot/install/robot_description/share/robot_description//meshes/DAE/leg_joint/leg_joint.dae
[0.661s] -- Up-to-date: /home/unaiolaizolaosa/Documents/PFG/IsaacTutorials/wheeled_quadruped_robot/install/robot_description/share/robot_description//meshes/DAE/wheel
[0.661s] -- Up-to-date: /home/unaiolaizolaosa/Documents/PFG/IsaacTutorials/wheeled_quadruped_robot/install/robot_description/share/robot_description//meshes/DAE/wheel/wheel.dae
[0.661s] -- Up-to-date: /home/unaiolaizolaosa/Documents/PFG/IsaacTutorials/wheeled_quadruped_robot/install/robot_description/share/robot_description//meshes/DAE/body
[0.661s] -- Up-to-date: /home/unaiolaizolaosa/Documents/PFG/IsaacTutorials/wheeled_quadruped_robot/install/robot_description/share/robot_description//meshes/DAE/body/body.dae
[0.661s] -- Up-to-date: /home/unaiolaizolaosa/Documents/PFG/IsaacTutorials/wheeled_quadruped_robot/install/robot_description/share/robot_description//meshes/DAE/right_thigh
[0.662s] -- Up-to-date: /home/unaiolaizolaosa/Documents/PFG/IsaacTutorials/wheeled_quadruped_robot/install/robot_description/share/robot_description//meshes/DAE/right_thigh/right_thigh.dae
[0.662s] -- Up-to-date: /home/unaiolaizolaosa/Documents/PFG/IsaacTutorials/wheeled_quadruped_robot/install/robot_description/share/robot_description//meshes/STL
[0.662s] -- Up-to-date: /home/unaiolaizolaosa/Documents/PFG/IsaacTutorials/wheeled_quadruped_robot/install/robot_description/share/robot_description//meshes/STL/shin
[0.662s] -- Up-to-date: /home/unaiolaizolaosa/Documents/PFG/IsaacTutorials/wheeled_quadruped_robot/install/robot_description/share/robot_description//meshes/STL/shin/shin.stl
[0.662s] -- Up-to-date: /home/unaiolaizolaosa/Documents/PFG/IsaacTutorials/wheeled_quadruped_robot/install/robot_description/share/robot_description//meshes/STL/left_thigh
[0.662s] -- Up-to-date: /home/unaiolaizolaosa/Documents/PFG/IsaacTutorials/wheeled_quadruped_robot/install/robot_description/share/robot_description//meshes/STL/left_thigh/left_thigh.stl
[0.662s] -- Up-to-date: /home/unaiolaizolaosa/Documents/PFG/IsaacTutorials/wheeled_quadruped_robot/install/robot_description/share/robot_description//meshes/STL/leg_joint
[0.663s] -- Up-to-date: /home/unaiolaizolaosa/Documents/PFG/IsaacTutorials/wheeled_quadruped_robot/install/robot_description/share/robot_description//meshes/STL/leg_joint/leg_joint.stl
[0.663s] -- Up-to-date: /home/unaiolaizolaosa/Documents/PFG/IsaacTutorials/wheeled_quadruped_robot/install/robot_description/share/robot_description//meshes/STL/wheel
[0.663s] -- Up-to-date: /home/unaiolaizolaosa/Documents/PFG/IsaacTutorials/wheeled_quadruped_robot/install/robot_description/share/robot_description//meshes/STL/wheel/wheel.stl
[0.663s] -- Up-to-date: /home/unaiolaizolaosa/Documents/PFG/IsaacTutorials/wheeled_quadruped_robot/install/robot_description/share/robot_description//meshes/STL/body
[0.663s] -- Up-to-date: /home/unaiolaizolaosa/Documents/PFG/IsaacTutorials/wheeled_quadruped_robot/install/robot_description/share/robot_description//meshes/STL/body/body.stl
[0.663s] -- Up-to-date: /home/unaiolaizolaosa/Documents/PFG/IsaacTutorials/wheeled_quadruped_robot/install/robot_description/share/robot_description//meshes/STL/right_thigh
[0.664s] -- Up-to-date: /home/unaiolaizolaosa/Documents/PFG/IsaacTutorials/wheeled_quadruped_robot/install/robot_description/share/robot_description//meshes/STL/right_thigh/right_thigh.stl
[0.664s] -- Up-to-date: /home/unaiolaizolaosa/Documents/PFG/IsaacTutorials/wheeled_quadruped_robot/install/robot_description/share/robot_description//config
[0.664s] -- Up-to-date: /home/unaiolaizolaosa/Documents/PFG/IsaacTutorials/wheeled_quadruped_robot/install/robot_description/share/robot_description//config/robot1_controller.yaml
[0.664s] -- Up-to-date: /home/unaiolaizolaosa/Documents/PFG/IsaacTutorials/wheeled_quadruped_robot/install/robot_description/share/robot_description//launch
[0.664s] -- Up-to-date: /home/unaiolaizolaosa/Documents/PFG/IsaacTutorials/wheeled_quadruped_robot/install/robot_description/share/robot_description//launch/robot_state_publisher.launch.py
[0.664s] -- Up-to-date: /home/unaiolaizolaosa/Documents/PFG/IsaacTutorials/wheeled_quadruped_robot/install/robot_description/share/ament_index/resource_index/package_run_dependencies/robot_description
[0.664s] -- Up-to-date: /home/unaiolaizolaosa/Documents/PFG/IsaacTutorials/wheeled_quadruped_robot/install/robot_description/share/ament_index/resource_index/parent_prefix_path/robot_description
[0.664s] -- Up-to-date: /home/unaiolaizolaosa/Documents/PFG/IsaacTutorials/wheeled_quadruped_robot/install/robot_description/share/robot_description/environment/ament_prefix_path.sh
[0.665s] -- Up-to-date: /home/unaiolaizolaosa/Documents/PFG/IsaacTutorials/wheeled_quadruped_robot/install/robot_description/share/robot_description/environment/ament_prefix_path.dsv
[0.665s] -- Up-to-date: /home/unaiolaizolaosa/Documents/PFG/IsaacTutorials/wheeled_quadruped_robot/install/robot_description/share/robot_description/environment/path.sh
[0.665s] -- Up-to-date: /home/unaiolaizolaosa/Documents/PFG/IsaacTutorials/wheeled_quadruped_robot/install/robot_description/share/robot_description/environment/path.dsv
[0.665s] -- Up-to-date: /home/unaiolaizolaosa/Documents/PFG/IsaacTutorials/wheeled_quadruped_robot/install/robot_description/share/robot_description/local_setup.bash
[0.665s] -- Up-to-date: /home/unaiolaizolaosa/Documents/PFG/IsaacTutorials/wheeled_quadruped_robot/install/robot_description/share/robot_description/local_setup.sh
[0.665s] -- Up-to-date: /home/unaiolaizolaosa/Documents/PFG/IsaacTutorials/wheeled_quadruped_robot/install/robot_description/share/robot_description/local_setup.zsh
[0.665s] -- Up-to-date: /home/unaiolaizolaosa/Documents/PFG/IsaacTutorials/wheeled_quadruped_robot/install/robot_description/share/robot_description/local_setup.dsv
[0.665s] -- Up-to-date: /home/unaiolaizolaosa/Documents/PFG/IsaacTutorials/wheeled_quadruped_robot/install/robot_description/share/robot_description/package.dsv
[0.665s] -- Up-to-date: /home/unaiolaizolaosa/Documents/PFG/IsaacTutorials/wheeled_quadruped_robot/install/robot_description/share/ament_index/resource_index/packages/robot_description
[0.666s] -- Up-to-date: /home/unaiolaizolaosa/Documents/PFG/IsaacTutorials/wheeled_quadruped_robot/install/robot_description/share/robot_description/cmake/robot_descriptionConfig.cmake
[0.666s] -- Up-to-date: /home/unaiolaizolaosa/Documents/PFG/IsaacTutorials/wheeled_quadruped_robot/install/robot_description/share/robot_description/cmake/robot_descriptionConfig-version.cmake
[0.666s] -- Up-to-date: /home/unaiolaizolaosa/Documents/PFG/IsaacTutorials/wheeled_quadruped_robot/install/robot_description/share/robot_description/package.xml
[0.666s] Invoked command in '/home/unaiolaizolaosa/Documents/PFG/IsaacTutorials/wheeled_quadruped_robot/build/robot_description' returned '0': CONDA_PROMPT_MODIFIER=(base) DEBUGINFOD_URLS=https://debuginfod.ubuntu.com /home/unaiolaizolaosa/miniconda3/bin/cmake --install /home/unaiolaizolaosa/Documents/PFG/IsaacTutorials/wheeled_quadruped_robot/build/robot_description
